INFO:root:Reading airport codes
INFO:root:Begin writing airport codes
INFO:root:Finished writting airport codes
INFO:root:Reading temperature
INFO:root:Dropping temperatures
INFO:root:Begin writing temperature
INFO:root:Finished writting temperatures
INFO:root:Reading demographics
INFO:root:Begin writing demographics
INFO:root:Finished writting demographics
INFO:root:fReading airport codes {datetime.now()}
INFO:root:Begin writing airport codes 2021-12-30 04:44:54.627495
INFO:root:Finished writting airport codes 2021-12-30 04:44:59.064660
INFO:root:Reading temperature 2021-12-30 04:44:59.064873
INFO:root:Dropping temperatures 2021-12-30 04:44:59.592681
INFO:root:Begin writing temperature 2021-12-30 04:44:59.644710
INFO:root:Finished writting temperatures 2021-12-30 04:46:38.150588
INFO:root:Reading demographics 2021-12-30 04:46:38.150817
INFO:root:Begin writing demographics 2021-12-30 04:46:38.552855
INFO:root:Finished writting demographics 2021-12-30 04:46:38.919266
INFO:root:Reading airport codes 2021-12-30 05:19:39.514504
INFO:root:Begin writing airport codes 2021-12-30 05:19:47.329774
INFO:root:Reading airport codes 2021-12-30 05:26:09.028495
INFO:root:Begin writing airport codes 2021-12-30 05:26:16.703887
INFO:root:Finished writting airport codes 2021-12-30 05:26:39.451379
INFO:root:Reading temperature 2021-12-30 05:26:39.451598
INFO:root:Dropping temperatures 2021-12-30 05:26:40.044080
INFO:root:Begin writing temperature 2021-12-30 05:26:40.099821
INFO:root:Finished writting temperatures 2021-12-30 06:00:38.020241
INFO:root:Reading demographics 2021-12-30 06:00:38.020529
INFO:root:Begin writing demographics 2021-12-30 06:00:38.567379
INFO:root:Finished writting demographics 2021-12-30 06:00:55.046129
INFO:root:Reading airport codes 2021-12-30 06:20:12.073304
INFO:root:Begin writing airport codes 2021-12-30 06:20:21.000059
INFO:root:Finished writting airport codes 2021-12-30 06:20:36.025563
INFO:root:Reading airport codes 2021-12-30 06:33:28.294182
INFO:root:Reading airport codes 2021-12-30 06:34:15.466817
INFO:root:Begin writing airport codes 2021-12-30 06:34:24.856346
INFO:root:Finished writting airport codes 2021-12-30 06:34:47.590498
INFO:root:Reading airport codes 2021-12-30 13:48:13.797193
INFO:root:Begin writing airport codes 2021-12-30 13:48:23.401649
INFO:root:Finished writting airport codes 2021-12-30 13:48:47.251083
INFO:root:Reading airport codes 2021-12-30 13:57:03.789106
INFO:root:Begin writing airport codes 2021-12-30 13:57:13.000625
INFO:root:Finished writting airport codes 2021-12-30 13:57:36.180936
INFO:root:Reading airport codes 2021-12-30 14:05:18.267115
INFO:root:Begin writing airport codes 2021-12-30 14:05:27.746621
INFO:root:Finished writting airport codes 2021-12-30 14:05:51.679331
INFO:root:Reading airport codes 2021-12-30 14:27:05.919412
INFO:root:Begin writing airport codes 2021-12-30 14:27:16.824053
INFO:root:Finished writting airport codes 2021-12-30 14:27:35.988342
INFO:root:Reading temperature 2021-12-30 14:27:35.988550
INFO:root:Dropping temperatures 2021-12-30 14:27:36.490579
INFO:root:Begin writing temperature 2021-12-30 14:27:36.547056
INFO:root:Finished writting temperatures 2021-12-30 14:56:13.137757
INFO:root:Reading demographics 2021-12-30 14:56:13.138914
INFO:root:Begin writing demographics 2021-12-30 14:56:13.561335
INFO:root:Finished writting demographics 2021-12-30 14:56:24.568900
INFO:root:Reading airport codes 2021-12-30 15:57:31.105256
INFO:root:Begin writing airport codes 2021-12-30 15:57:45.049766
INFO:root:Finished writting airport codes 2021-12-30 15:58:09.929769
INFO:root:Reading temperature 2021-12-30 15:58:09.929977
INFO:root:Dropping temperatures 2021-12-30 15:58:10.669074
INFO:root:Begin writing temperature 2021-12-30 15:58:10.749873
INFO:root:Finished writting temperatures 2021-12-30 16:27:58.667453
INFO:root:Reading demographics 2021-12-30 16:27:58.667792
INFO:root:Begin writing demographics 2021-12-30 16:27:59.173903
INFO:root:Finished writting demographics 2021-12-30 16:28:11.208045
INFO:root:Begin loading immigration data
INFO:root:Loading immigration data for jan
INFO:root:Writing immigration data for jan
INFO:root:Begin loading immigration data
INFO:root:Loading immigration data for jan
INFO:root:Writing immigration data for jan
INFO:root:Begin loading immigration data
INFO:root:Loading immigration data for jan
INFO:root:Writing immigration data for jan
INFO:root:Begin loading immigration data
INFO:root:Loading immigration data for jan
INFO:root:Writing immigration data for jan
INFO:root:Begin loading immigration data
INFO:root:Loading immigration data for jan
INFO:root:Writing immigration data for jan
INFO:root:Begin loading immigration data
INFO:root:Loading immigration data for jan
INFO:root:Writing immigration data for jan
INFO:root:Finished writing immigration data for jan
INFO:root:Processing port codes 2021-12-30 17:35:35.599422
INFO:root:Begin writting port codes 2021-12-30 17:35:38.291607
INFO:root:Processing port codes 2021-12-30 17:38:19.743541
INFO:root:Begin writting port codes 2021-12-30 17:38:22.527311
INFO:root:Finished writing port codes 2021-12-30 17:38:41.194460
INFO:root:Processing country codes 2021-12-30 17:38:41.194700
INFO:root:Begin writting country codes 2021-12-30 17:38:41.196339
INFO:root:Processing port codes 2021-12-30 17:39:38.919807
INFO:root:Begin writting port codes 2021-12-30 17:39:41.704782
INFO:root:Finished writing port codes 2021-12-30 17:40:01.819995
INFO:root:Processing country codes 2021-12-30 17:40:01.820219
INFO:root:Begin writting country codes 2021-12-30 17:40:01.953446
INFO:root:Finished writing country codes 2021-12-30 17:40:13.363170
INFO:root:Reading temperature 2021-12-30 18:07:46.606295
INFO:root:Dropping temperatures 2021-12-30 18:07:56.281686
INFO:root:Reading temperature 2021-12-30 18:14:01.839898
INFO:root:Dropping temperatures 2021-12-30 18:14:10.546723
INFO:root:Begin writing temperature 2021-12-30 18:14:10.776485
INFO:root:Reading temperature 2021-12-30 18:19:01.622764
INFO:root:Dropping temperatures 2021-12-30 18:20:20.869908
INFO:root:Begin writing temperature 2021-12-30 18:20:20.956469
INFO:root:Finished writting temperatures 2021-12-30 18:49:09.855119
INFO:root:Begin loading immigration data
INFO:root:Loading immigration data for jan
INFO:root:Writing immigration data for jan
INFO:root:Finished writing immigration data for jan
INFO:root:Reading demographics 2021-12-30 19:13:08.798882
INFO:root:Begin writing demographics 2021-12-30 19:13:18.883027
INFO:root:Finished writting demographics 2021-12-30 19:13:34.083718
INFO:root:Begin loading immigration data
INFO:root:Loading immigration data for jan
INFO:root:Writing immigration data for jan
INFO:root:Begin loading immigration data
INFO:root:Loading immigration data for jan
INFO:root:Writing immigration data for jan
INFO:root:Finished writing immigration data for jan
INFO:root:Connecting to DB
INFO:root:Creating Staging Tables
INFO:root:Copying Staging Tables
INFO:root:Connecting to DB
INFO:root:Creating Fact and Dimension Tables
INFO:root:Inserting Fact and Dimension Tables
INFO:root:Connecting to DB
INFO:root:Creating Staging Tables
INFO:root:Copying Staging Tables
INFO:root:Processing port codes 2021-12-30 21:06:01.041670
INFO:root:Begin writting port codes 2021-12-30 21:06:03.846655
INFO:root:Processing port codes 2021-12-30 21:07:18.472738
INFO:root:Begin writting port codes 2021-12-30 21:07:21.342027
INFO:root:Processing port codes 2021-12-30 21:08:26.637212
INFO:root:Begin writting port codes 2021-12-30 21:08:29.370131
INFO:root:Processing port codes 2021-12-30 21:09:14.217528
INFO:root:Begin writting port codes 2021-12-30 21:09:17.114753
INFO:root:Processing port codes 2021-12-30 21:10:27.946547
INFO:root:Begin writting port codes 2021-12-30 21:10:30.829289
INFO:root:Finished writing port codes 2021-12-30 21:10:49.261458
INFO:root:----- Clean data -----
INFO:root:Connecting to DB
INFO:root:Data Quality Check 1
INFO:root:Data Quality Check 2
INFO:root:Connecting to DB
INFO:root:Data Quality Check 1
INFO:root:Staging Immigration table appears to be populated
INFO:root:Data Quality Check 2
INFO:root:Connecting to DB
INFO:root:Data Quality Check 1
INFO:root:Staging immigration table appears to be populated
INFO:root:Data Quality Check 2
INFO:root:Connecting to DB
INFO:root:Data Quality Check 1
INFO:root:Staging immigration table appears to be populated
INFO:root:Data Quality Check 2
ERROR:root:Fact immigration table returned zero rows
INFO:root:Reading airport codes 2021-12-30 22:51:44.942298
INFO:root:Begin writing airport codes 2021-12-30 22:51:55.149147
INFO:root:Finished writting airport codes 2021-12-30 22:52:13.033062
INFO:root:Connecting to DB
INFO:root:Creating Staging Tables
INFO:root:Copying Staging Tables
